2014-04-28 18:05:47.195 TabletGuru[3308:70b] Multi-tasking -> Device: YES, App: YES
2014-04-28 18:05:47.218 TabletGuru[3308:70b] Unlimited access to network resources
2014-04-28 18:05:47.582 TabletGuru[3308:70b] Resetting plugins due to page load.
2014-04-28 18:05:47.681 TabletGuru[3308:70b] Finished load of: file:///Users/cc/Library/Application%20Support/iPhone%20Simulator/7.1/Applications/83F4269B-7298-4434-9500-0357F80A63C5/TabletGuru.app/www/index.html
2014-04-28 18:06:04.461 TabletGuru[3308:70b] Received memory warning.
2014-05-01 22:33:59.726 TabletGuru[8627:70b] Multi-tasking -> Device: YES, App: YES
2014-05-01 22:33:59.737 TabletGuru[8627:70b] Unlimited access to network resources
2014-05-01 22:33:59.856 TabletGuru[8627:70b] Resetting plugins due to page load.
2014-05-01 22:33:59.974 TabletGuru[8627:70b] Finished load of: file:///Users/cc/Library/Application%20Support/iPhone%20Simulator/7.1/Applications/83F4269B-7298-4434-9500-0357F80A63C5/TabletGuru.app/www/index.html
2014-05-01 22:35:44.277 TabletGuru[9047:70b] Multi-tasking -> Device: YES, App: YES
2014-05-01 22:35:44.282 TabletGuru[9047:70b] Unlimited access to network resources
2014-05-01 22:35:44.326 TabletGuru[9047:70b] Resetting plugins due to page load.
2014-05-01 22:35:44.364 TabletGuru[9047:70b] Finished load of: file:///Users/cc/Library/Application%20Support/iPhone%20Simulator/7.1/Applications/83F4269B-7298-4434-9500-0357F80A63C5/TabletGuru.app/www/index.html
2014-05-01 22:36:08.835 TabletGuru[9047:70b] Received memory warning.
2014-05-01 22:36:29.680 TabletGuru[9480:70b] Multi-tasking -> Device: YES, App: YES
2014-05-01 22:36:29.685 TabletGuru[9480:70b] Unlimited access to network resources
2014-05-01 22:36:29.796 TabletGuru[9480:70b] Resetting plugins due to page load.
2014-05-01 22:36:29.842 TabletGuru[9480:70b] Finished load of: file:///Users/cc/Library/Application%20Support/iPhone%20Simulator/7.1/Applications/83F4269B-7298-4434-9500-0357F80A63C5/TabletGuru.app/www/index.html
2014-05-02 20:37:50.290 TabletGuru[21969:70b] Multi-tasking -> Device: YES, App: YES
2014-05-02 20:37:50.319 TabletGuru[21969:70b] Unlimited access to network resources
2014-05-02 20:37:50.326 TabletGuru[21969:70b] Fix applied for database locations?: YES
2014-05-02 20:37:50.597 TabletGuru[21969:70b] Resetting plugins due to page load.
2014-05-02 20:37:50.713 TabletGuru[21969:70b] Finished load of: file:///Users/cc/Library/Application%20Support/iPhone%20Simulator/7.1/Applications/1A26EC4F-0904-4BDE-BA97-C693F1322EFA/TabletGuru.app/www/index.html
2014-05-02 20:38:01.349 TabletGuru[21969:70b] Received memory warning.
2014-05-02 20:46:31.245 TabletGuru[22415:70b] Multi-tasking -> Device: YES, App: YES
2014-05-02 20:46:31.251 TabletGuru[22415:70b] Unlimited access to network resources
2014-05-02 20:46:31.381 TabletGuru[22415:70b] Resetting plugins due to page load.
2014-05-02 20:46:31.432 TabletGuru[22415:70b] Finished load of: file:///Users/cc/Library/Application%20Support/iPhone%20Simulator/7.1/Applications/1A26EC4F-0904-4BDE-BA97-C693F1322EFA/TabletGuru.app/www/index.html
2014-05-02 20:46:49.577 TabletGuru[23065:70b] Multi-tasking -> Device: YES, App: YES
2014-05-02 20:46:49.583 TabletGuru[23065:70b] Unlimited access to network resources
2014-05-02 20:46:49.682 TabletGuru[23065:70b] Resetting plugins due to page load.
2014-05-02 20:46:49.741 TabletGuru[23065:70b] Finished load of: file:///Users/cc/Library/Application%20Support/iPhone%20Simulator/7.1/Applications/1A26EC4F-0904-4BDE-BA97-C693F1322EFA/TabletGuru.app/www/index.html
2014-05-02 20:46:58.375 TabletGuru[23065:70b] Received memory warning.
2014-05-02 21:06:44.801 TabletGuru[24550:70b] Multi-tasking -> Device: YES, App: YES
2014-05-02 21:06:44.823 TabletGuru[24550:70b] Unlimited access to network resources
2014-05-02 21:06:44.884 TabletGuru[24550:70b] Resetting plugins due to page load.
2014-05-02 21:06:44.943 TabletGuru[24550:70b] Finished load of: file:///Users/cc/Library/Application%20Support/iPhone%20Simulator/7.1/Applications/1A26EC4F-0904-4BDE-BA97-C693F1322EFA/TabletGuru.app/www/index.html
2014-05-02 21:06:59.461 TabletGuru[24550:70b] Received memory warning.
